<?xml version="1.0" encoding="UTF-8"?>
<!-- Generated by org.testng.reporters.JUnitReportReporter -->
<testsuite hostname="DK" failures="0" tests="1" name="com.sample.crud.withBDD.sampleTestForCreateTest" time="1.425" errors="0" timestamp="2024-09-12T12:48:05 IST" skipped="0">
  <testcase classname="com.sample.crud.withBDD.sampleTestForCreateTest" name="postDataToServer" time="1.425"/>
  <system-out/>
</testsuite> <!-- com.sample.crud.withBDD.sampleTestForCreateTest -->
