<?xml version="1.0" encoding="UTF-8"?>
<!-- Generated by org.testng.reporters.JUnitReportReporter -->
<testsuite hostname="DK" failures="0" tests="1" name="typesOfParameter.pathParamTest" time="31.555" errors="0" timestamp="2024-09-12T13:09:29 IST" skipped="0">
  <testcase classname="typesOfParameter.pathParamTest" name="sampleTest" time="31.555"/>
  <system-out/>
</testsuite> <!-- typesOfParameter.pathParamTest -->
