<?xml version="1.0" encoding="UTF-8"?>
<!-- Generated by org.testng.reporters.JUnitReportReporter -->
<testsuite hostname="DK" failures="0" tests="1" name="MokingTest.PaymentTest" time="2.345" errors="0" timestamp="2024-09-17T19:16:33 IST" skipped="0">
  <testcase classname="MokingTest.PaymentTest" name="sampleTest" time="2.345"/>
  <system-out/>
</testsuite> <!-- MokingTest.PaymentTest -->
