<?xml version="1.0" encoding="UTF-8"?>
<!-- Generated by org.testng.reporters.JUnitReportReporter -->
<testsuite hostname="DK" failures="0" tests="1" name="requestChaining.Secnario_1Delete_Project" time="2.779" errors="0" timestamp="2024-09-11T18:21:26 IST" skipped="0">
  <testcase classname="requestChaining.Secnario_1Delete_Project" name="postDataToServer" time="2.779"/>
  <system-out/>
</testsuite> <!-- requestChaining.Secnario_1Delete_Project -->
