<?xml version="1.0" encoding="UTF-8"?>
<!-- Generated by org.testng.reporters.JUnitReportReporter -->
<testsuite hostname="DK" failures="0" tests="1" name="Practice.sampleTestUsingMethodChainingTest" time="1.856" errors="0" timestamp="2024-09-06T11:08:34 IST" skipped="0">
  <testcase classname="Practice.sampleTestUsingMethodChainingTest" name="GetReqTest" time="1.856"/>
  <system-out/>
</testsuite> <!-- Practice.sampleTestUsingMethodChainingTest -->
