<?xml version="1.0" encoding="UTF-8"?>
<!-- Generated by org.testng.reporters.JUnitReportReporter -->
<testsuite hostname="DK" failures="0" tests="1" name="encryptionAndDecryption.besic_base64Encryption" time="0.007" errors="0" timestamp="2024-09-17T11:22:47 IST" skipped="0">
  <testcase classname="encryptionAndDecryption.besic_base64Encryption" name="sempleTest" time="0.007"/>
  <system-out/>
</testsuite> <!-- encryptionAndDecryption.besic_base64Encryption -->
