<?xml version="1.0" encoding="UTF-8"?>
<!-- Generated by org.testng.reporters.JUnitReportReporter -->
<testsuite hostname="DK" failures="0" tests="1" name="typesOfParameter.queryParameter" time="31.551" errors="0" timestamp="2024-09-12T13:14:51 IST" skipped="0">
  <testcase classname="typesOfParameter.queryParameter" name="sampleTest" time="31.551"/>
  <system-out/>
</testsuite> <!-- typesOfParameter.queryParameter -->
