<?xml version="1.0" encoding="UTF-8"?>
<!-- Generated by org.testng.reporters.JUnitReportReporter -->
<testsuite hostname="DK" failures="0" tests="1" name="workingEithCookines.PassingMultiCookies" time="1.773" errors="0" timestamp="2024-09-24T15:13:28 IST" skipped="0">
  <testcase classname="workingEithCookines.PassingMultiCookies" name="sample" time="1.773"/>
  <system-out/>
</testsuite> <!-- workingEithCookines.PassingMultiCookies -->
