<?xml version="1.0" encoding="UTF-8"?>
<!-- Generated by org.testng.reporters.JUnitReportReporter -->
<testsuite hostname="DK" failures="0" tests="1" name="Practice.sampleTest" time="2.419" errors="0" timestamp="2024-09-05T17:36:02 IST" skipped="0">
  <testcase classname="Practice.sampleTest" name="sampleGetReqTest" time="2.419"/>
  <system-out/>
</testsuite> <!-- Practice.sampleTest -->
