<?xml version="1.0" encoding="UTF-8"?>
<!-- Generated by org.testng.reporters.JUnitReportReporter -->
<testsuite hostname="DK" failures="0" tests="1" name="authTest.Auth2_0_Test2" time="2.324" errors="0" timestamp="2024-09-12T17:04:41 IST" skipped="0">
  <testcase classname="authTest.Auth2_0_Test2" name="sampleTest" time="2.324"/>
  <system-out/>
</testsuite> <!-- authTest.Auth2_0_Test2 -->
