<?xml version="1.0" encoding="UTF-8"?>
<!-- Generated by org.testng.reporters.JUnitReportReporter -->
<testsuite hostname="DK" failures="0" tests="1" name="workingWithGraphQl.graphQlAPI" time="6.150" errors="0" timestamp="2024-09-29T13:21:02 IST" skipped="0">
  <testcase classname="workingWithGraphQl.graphQlAPI" name="graphQlTest" time="6.150"/>
  <system-out/>
</testsuite> <!-- workingWithGraphQl.graphQlAPI -->
