<?xml version="1.0" encoding="UTF-8"?>
<!-- Generated by org.testng.reporters.JUnitReportReporter -->
<testsuite hostname="DK" failures="0" tests="1" name="com.sample.crud.withBDD.sampleTestForRead" time="1.495" errors="0" timestamp="2024-09-07T11:06:20 IST" skipped="0">
  <testcase classname="com.sample.crud.withBDD.sampleTestForRead" name="getDataFromServer" time="1.495"/>
  <system-out/>
</testsuite> <!-- com.sample.crud.withBDD.sampleTestForRead -->
