<?xml version="1.0" encoding="UTF-8"?>
<!-- Generated by org.testng.reporters.JUnitReportReporter -->
<testsuite hostname="DK" failures="0" tests="1" name="typesOfParameter.formParameterTest" time="31.556" errors="0" timestamp="2024-09-12T13:18:48 IST" skipped="0">
  <testcase classname="typesOfParameter.formParameterTest" name="sampleTest" time="31.556"/>
  <system-out/>
</testsuite> <!-- typesOfParameter.formParameterTest -->
