<?xml version="1.0" encoding="UTF-8"?>
<!-- Generated by org.testng.reporters.JUnitReportReporter -->
<testsuite hostname="DK" failures="0" tests="1" name="Practice.Run1" time="0.009" errors="0" timestamp="2024-09-05T20:00:00 IST" skipped="0">
  <testcase classname="Practice.Run1" name="sampleTest" time="0.009"/>
  <system-out/>
</testsuite> <!-- Practice.Run1 -->
