<?xml version="1.0" encoding="UTF-8"?>
<!-- Generated by org.testng.reporters.JUnitReportReporter -->
<testsuite hostname="DK" failures="0" tests="1" name="com.sample.crud.WithOutBdd.sampleTestForCreateTest" time="1.615" errors="0" timestamp="2024-09-11T10:57:03 IST" skipped="0">
  <testcase classname="com.sample.crud.WithOutBdd.sampleTestForCreateTest" name="postDataToServer" time="1.615"/>
  <system-out/>
</testsuite> <!-- com.sample.crud.WithOutBdd.sampleTestForCreateTest -->
