<?xml version="1.0" encoding="UTF-8"?>
<!-- Generated by org.testng.reporters.JUnitReportReporter -->
<testsuite hostname="DK" failures="0" tests="1" name="DDT.AddMultipleProjectTest" time="0.000" errors="0" timestamp="2024-09-18T19:17:21 IST" skipped="1">
  <testcase classname="DDT.AddMultipleProjectTest" name="sampleTest" time="0.000">
    <skipped/>
  </testcase> <!-- sampleTest -->
  <system-out/>
</testsuite> <!-- DDT.AddMultipleProjectTest -->
