<?xml version="1.0" encoding="UTF-8"?>
<!-- Generated by org.testng.reporters.JUnitReportReporter -->
<testsuite hostname="DK" failures="0" tests="1" name="requestChaining.Secnario_2_AddEmployeToProject" time="2.606" errors="0" timestamp="2024-09-11T18:59:41 IST" skipped="0">
  <testcase classname="requestChaining.Secnario_2_AddEmployeToProject" name="sampleTest" time="2.606"/>
  <system-out/>
</testsuite> <!-- requestChaining.Secnario_2_AddEmployeToProject -->
