<?xml version="1.0" encoding="UTF-8"?>
<!-- Generated by org.testng.reporters.JUnitReportReporter -->
<testsuite hostname="DK" failures="0" tests="1" name="com.sample.crud.WithOutBdd.sampleTestForDeleteTest" time="1.374" errors="0" timestamp="2024-09-08T04:11:05 IST" skipped="0">
  <testcase classname="com.sample.crud.WithOutBdd.sampleTestForDeleteTest" name="deleteDataFromServer" time="1.374"/>
  <system-out/>
</testsuite> <!-- com.sample.crud.WithOutBdd.sampleTestForDeleteTest -->
