<?xml version="1.0" encoding="UTF-8"?>
<!-- Generated by org.testng.reporters.JUnitReportReporter -->
<testsuite hostname="DK" failures="0" tests="1" name="practice_ResponseValidation.VerifyResponseBody_Vai_JsonPath" time="1.691" errors="0" timestamp="2024-09-11T15:24:29 IST" skipped="0">
  <testcase classname="practice_ResponseValidation.VerifyResponseBody_Vai_JsonPath" name="sampleTest" time="1.691"/>
  <system-out/>
</testsuite> <!-- practice_ResponseValidation.VerifyResponseBody_Vai_JsonPath -->
