<?xml version="1.0" encoding="UTF-8"?>
<!-- Generated by org.testng.reporters.JUnitReportReporter -->
<testsuite hostname="DK" failures="0" tests="1" name="practice_ResponseValidation.verifyResponseTimeTest" time="1.889" errors="0" timestamp="2024-09-11T15:04:33 IST" skipped="0">
  <testcase classname="practice_ResponseValidation.verifyResponseTimeTest" name="verifyHeader" time="1.889"/>
  <system-out/>
</testsuite> <!-- practice_ResponseValidation.verifyResponseTimeTest -->
