<?xml version="1.0" encoding="UTF-8"?>
<!-- Generated by org.testng.reporters.JUnitReportReporter -->
<testsuite hostname="DK" failures="0" tests="1" name="com.sample.crud.WithOutBdd.sampleTestForRead" time="1.746" errors="0" timestamp="2024-09-07T10:49:16 IST" skipped="0">
  <testcase classname="com.sample.crud.WithOutBdd.sampleTestForRead" name="getDataFromServer" time="1.746"/>
  <system-out/>
</testsuite> <!-- com.sample.crud.WithOutBdd.sampleTestForRead -->
