<?xml version="1.0" encoding="UTF-8"?>
<!-- Generated by org.testng.reporters.JUnitReportReporter -->
<testsuite hostname="DK" failures="0" tests="1" name="workingEithCookines.validatingCookies" time="2.474" errors="0" timestamp="2024-09-24T15:33:48 IST" skipped="0">
  <testcase classname="workingEithCookines.validatingCookies" name="cookieTest" time="2.474"/>
  <system-out/>
</testsuite> <!-- workingEithCookines.validatingCookies -->
