<?xml version="1.0" encoding="UTF-8"?>
<!-- Generated by org.testng.reporters.JUnitReportReporter -->
<testsuite hostname="DK" failures="0" tests="1" name="workingEithCookines.getAllCookiesInResponse" time="2.344" errors="0" timestamp="2024-09-24T15:12:03 IST" skipped="0">
  <testcase classname="workingEithCookines.getAllCookiesInResponse" name="getAllcookies" time="2.344"/>
  <system-out/>
</testsuite> <!-- workingEithCookines.getAllCookiesInResponse -->
