<?xml version="1.0" encoding="UTF-8"?>
<!-- Generated by org.testng.reporters.JUnitReportReporter -->
<testsuite hostname="DK" failures="0" tests="1" name="Practice.PostRequestTypes.postRequest_Via_Pojoclass" time="3.562" errors="0" timestamp="2024-09-18T13:02:03 IST" skipped="0">
  <testcase classname="Practice.PostRequestTypes.postRequest_Via_Pojoclass" name="postDataToServer" time="3.562"/>
  <system-out/>
</testsuite> <!-- Practice.PostRequestTypes.postRequest_Via_Pojoclass -->
