<?xml version="1.0" encoding="UTF-8"?>
<!-- Generated by org.testng.reporters.JUnitReportReporter -->
<testsuite hostname="DK" failures="0" tests="1" name="workingWithGraphQl.getAllProject" time="1.744" errors="0" timestamp="2024-10-07T22:55:21 IST" skipped="0">
  <testcase classname="workingWithGraphQl.getAllProject" name="graphQlTest" time="1.744"/>
  <system-out/>
</testsuite> <!-- workingWithGraphQl.getAllProject -->
