<?xml version="1.0" encoding="UTF-8"?>
<!-- Generated by org.testng.reporters.JUnitReportReporter -->
<testsuite hostname="DK" failures="0" tests="1" name="practice_ResponseValidation.verifyResponseHeaderTest" time="1.685" errors="0" timestamp="2024-09-11T11:23:58 IST" skipped="0">
  <testcase classname="practice_ResponseValidation.verifyResponseHeaderTest" name="verifyheader" time="1.685"/>
  <system-out/>
</testsuite> <!-- practice_ResponseValidation.verifyResponseHeaderTest -->
