<?xml version="1.0" encoding="UTF-8"?>
<!-- Generated by org.testng.reporters.JUnitReportReporter -->
<testsuite hostname="DK" failures="0" tests="1" name="sehema.JSONSchemaValidation" time="2.994" errors="0" timestamp="2024-09-23T12:40:03 IST" skipped="0">
  <testcase classname="sehema.JSONSchemaValidation" name="postDataToServer" time="2.994"/>
  <system-out/>
</testsuite> <!-- sehema.JSONSchemaValidation -->
