<?xml version="1.0" encoding="UTF-8"?>
<!-- Generated by org.testng.reporters.JUnitReportReporter -->
<testsuite hostname="DK" failures="0" tests="1" name="workingEithCookines.PassingTheCookies" time="1.529" errors="0" timestamp="2024-09-24T13:03:05 IST" skipped="0">
  <testcase classname="workingEithCookines.PassingTheCookies" name="sample" time="1.529"/>
  <system-out/>
</testsuite> <!-- workingEithCookines.PassingTheCookies -->
