<?xml version="1.0" encoding="UTF-8"?>
<!-- Generated by org.testng.reporters.JUnitReportReporter -->
<testsuite hostname="DK" failures="0" tests="1" name="authTest.BasicAuthTest" time="1.457" errors="0" timestamp="2024-09-12T16:39:45 IST" skipped="0">
  <testcase classname="authTest.BasicAuthTest" name="sampleTest" time="1.457"/>
  <system-out/>
</testsuite> <!-- authTest.BasicAuthTest -->
