<?xml version="1.0" encoding="UTF-8"?>
<!-- Generated by org.testng.reporters.JUnitReportReporter -->
<testsuite hostname="DK" failures="0" tests="1" name="com.sample.crud.withBDD.cookies" time="1.400" errors="0" timestamp="2024-09-20T17:20:11 IST" skipped="0">
  <testcase classname="com.sample.crud.withBDD.cookies" name="putDataToServer" time="1.400"/>
  <system-out/>
</testsuite> <!-- com.sample.crud.withBDD.cookies -->
