<?xml version="1.0" encoding="UTF-8"?>
<!-- Generated by org.testng.reporters.JUnitReportReporter -->
<testsuite hostname="DK" failures="0" tests="1" name="requestChaining.Secnario_3_getPayrollInfo" time="3.799" errors="0" timestamp="2024-09-12T10:53:08 IST" skipped="0">
  <testcase classname="requestChaining.Secnario_3_getPayrollInfo" name="sampleTest" time="3.799"/>
  <system-out/>
</testsuite> <!-- requestChaining.Secnario_3_getPayrollInfo -->
