<?xml version="1.0" encoding="UTF-8"?>
<!-- Generated by org.testng.reporters.JUnitReportReporter -->
<testsuite hostname="DK" failures="0" tests="1" name="working_With_dataMasking.testdatamasking" time="2.403" errors="0" timestamp="2024-09-24T17:46:14 IST" skipped="0">
  <testcase classname="working_With_dataMasking.testdatamasking" name="test" time="2.403"/>
  <system-out/>
</testsuite> <!-- working_With_dataMasking.testdatamasking -->
