<?xml version="1.0" encoding="UTF-8"?>
<!-- Generated by org.testng.reporters.JUnitReportReporter -->
<testsuite hostname="DK" failures="0" tests="1" name="com.sample.crud.WithOutBdd.sampleTestForPartialUpdateTest" time="2.145" errors="0" timestamp="2024-09-06T17:52:59 IST" skipped="0">
  <testcase classname="com.sample.crud.WithOutBdd.sampleTestForPartialUpdateTest" name="putDataToServer" time="2.145"/>
  <system-out/>
</testsuite> <!-- com.sample.crud.WithOutBdd.sampleTestForPartialUpdateTest -->
