<?xml version="1.0" encoding="UTF-8"?>
<!-- Generated by org.testng.reporters.JUnitReportReporter -->
<testsuite hostname="DK" failures="0" tests="1" name="com.sample.crud.withBDD.sampleTestForPartialUpdateTest" time="1.462" errors="0" timestamp="2024-09-07T11:07:47 IST" skipped="0">
  <testcase classname="com.sample.crud.withBDD.sampleTestForPartialUpdateTest" name="putDataToServer" time="1.462"/>
  <system-out/>
</testsuite> <!-- com.sample.crud.withBDD.sampleTestForPartialUpdateTest -->
